<?xml version="1.0" encoding="UTF-8"?>
<!-- Generated by org.testng.reporters.JUnitReportReporter -->
<testsuite hostname="LAPTOP-D0T5BIHF" failures="0" tests="3" name="dataprovider.DpTest" time="29.281" errors="0" timestamp="2022-11-04T11:13:31 IST" skipped="0">
  <testcase classname="dataprovider.DpTest" name="f" time="11.751"/>
  <system-out/>
  <testcase classname="dataprovider.DpTest" name="f" time="8.744"/>
  <system-out/>
  <testcase classname="dataprovider.DpTest" name="f" time="8.786"/>
  <system-out/>
</testsuite> <!-- dataprovider.DpTest -->
